<?xml version="1.0" encoding="UTF-8"?>
<testng-results skipped="0" failed="0" ignored="0" total="1" passed="1">
  <reporter-output>
  </reporter-output>
  <suite name="Surefire suite" duration-ms="6264" started-at="2020-06-19T13:29:55 IDT" finished-at="2020-06-19T13:30:01 IDT">
    <groups>
    </groups>
    <test name="Surefire test" duration-ms="6264" started-at="2020-06-19T13:29:55 IDT" finished-at="2020-06-19T13:30:01 IDT">
      <class name="restAssuredProject.restAssuredProject.AppTest">
        <test-method status="PASS" signature="shouldAnswerWithTrue()" name="shouldAnswerWithTrue" duration-ms="3" started-at="2020-06-19T13:30:01 IDT" finished-at="2020-06-19T13:30:01 IDT">
          <reporter-output>
          </reporter-output>
        </test-method> <!-- shouldAnswerWithTrue -->
      </class> <!-- restAssuredProject.restAssuredProject.AppTest -->
    </test> <!-- Surefire test -->
  </suite> <!-- Surefire suite -->
</testng-results>
